02:21:07 **** Clean-only build of configuration Nios II for project lab9_bsp ****
make clean 
[BSP clean complete]
02:21:16 **** Clean-only build of configuration Nios II for project lab9 ****
make clean 
[lab9 clean complete]
20:56:00 **** Build of configuration Nios II for project lab9 ****
make all 
Info: Building ../lab9_bsp/
D:/intelFPGA_lite/18.0/nios2eds/bin/gnu/H-x86_64-mingw32/bin/make --no-print-directory -C ../lab9_bsp/
Compiling alt_alarm_start.c...
nios2-elf-gcc -xc -MP -MMD -c  -I./HAL/inc -I. -I./drivers/inc -pipe -D__hal__ -DALT_NO_INSTRUCTION_EMULATION -DALT_SINGLE_THREADED    -O0 -g -Wall  -mno-hw-div -mno-hw-mul -mno-hw-mulx -mgpopt=global   -o obj/HAL/src/alt_alarm_start.o HAL/src/alt_alarm_start.c
Compiling alt_busy_sleep.c...
nios2-elf-gcc -xc -MP -MMD -c  -I./HAL/inc -I. -I./drivers/inc -pipe -D__hal__ -DALT_NO_INSTRUCTION_EMULATION -DALT_SINGLE_THREADED    -O0 -g -Wall  -mno-hw-div -mno-hw-mul -mno-hw-mulx -mgpopt=global   -o obj/HAL/src/alt_busy_sleep.o HAL/src/alt_busy_sleep.c
Compiling alt_close.c...
nios2-elf-gcc -xc -MP -MMD -c  -I./HAL/inc -I. -I./drivers/inc -pipe -D__hal__ -DALT_NO_INSTRUCTION_EMULATION -DALT_SINGLE_THREADED    -O0 -g -Wall  -mno-hw-div -mno-hw-mul -mno-hw-mulx -mgpopt=global   -o obj/HAL/src/alt_close.o HAL/src/alt_close.c
Compiling alt_dcache_flush.c...
nios2-elf-gcc -xc -MP -MMD -c  -I./HAL/inc -I. -I./drivers/inc -pipe -D__hal__ -DALT_NO_INSTRUCTION_EMULATION -DALT_SINGLE_THREADED    -O0 -g -Wall  -mno-hw-div -mno-hw-mul -mno-hw-mulx -mgpopt=global   -o obj/HAL/src/alt_dcache_flush.o HAL/src/alt_dcache_flush.c
Compiling alt_dcache_flush_all.c...
nios2-elf-gcc -xc -MP -MMD -c  -I./HAL/inc -I. -I./drivers/inc -pipe -D__hal__ -DALT_NO_INSTRUCTION_EMULATION -DALT_SINGLE_THREADED    -O0 -g -Wall  -mno-hw-div -mno-hw-mul -mno-hw-mulx -mgpopt=global   -o obj/HAL/src/alt_dcache_flush_all.o HAL/src/alt_dcache_flush_all.c
Compiling alt_dcache_flush_no_writeback.c...
nios2-elf-gcc -xc -MP -MMD -c  -I./HAL/inc -I. -I./drivers/inc -pipe -D__hal__ -DALT_NO_INSTRUCTION_EMULATION -DALT_SINGLE_THREADED    -O0 -g -Wall  -mno-hw-div -mno-hw-mul -mno-hw-mulx -mgpopt=global   -o obj/HAL/src/alt_dcache_flush_no_writeback.o HAL/src/alt_dcache_flush_no_writeback.c
Compiling alt_dev.c...
nios2-elf-gcc -xc -MP -MMD -c  -I./HAL/inc -I. -I./drivers/inc -pipe -D__hal__ -DALT_NO_INSTRUCTION_EMULATION -DALT_SINGLE_THREADED    -O0 -g -Wall  -mno-hw-div -mno-hw-mul -mno-hw-mulx -mgpopt=global   -o obj/HAL/src/alt_dev.o HAL/src/alt_dev.c
Compiling alt_dev_llist_insert.c...
nios2-elf-gcc -xc -MP -MMD -c  -I./HAL/inc -I. -I./drivers/inc -pipe -D__hal__ -DALT_NO_INSTRUCTION_EMULATION -DALT_SINGLE_THREADED    -O0 -g -Wall  -mno-hw-div -mno-hw-mul -mno-hw-mulx -mgpopt=global   -o obj/HAL/src/alt_dev_llist_insert.o HAL/src/alt_dev_llist_insert.c
Compiling alt_dma_rxchan_open.c...
nios2-elf-gcc -xc -MP -MMD -c  -I./HAL/inc -I. -I./drivers/inc -pipe -D__hal__ -DALT_NO_INSTRUCTION_EMULATION -DALT_SINGLE_THREADED    -O0 -g -Wall  -mno-hw-div -mno-hw-mul -mno-hw-mulx -mgpopt=global   -o obj/HAL/src/alt_dma_rxchan_open.o HAL/src/alt_dma_rxchan_open.c
Compiling alt_dma_txchan_open.c...
nios2-elf-gcc -xc -MP -MMD -c  -I./HAL/inc -I. -I./drivers/inc -pipe -D__hal__ -DALT_NO_INSTRUCTION_EMULATION -DALT_SINGLE_THREADED    -O0 -g -Wall  -mno-hw-div -mno-hw-mul -mno-hw-mulx -mgpopt=global   -o obj/HAL/src/alt_dma_txchan_open.o HAL/src/alt_dma_txchan_open.c
Compiling alt_do_ctors.c...
nios2-elf-gcc -xc -MP -MMD -c  -I./HAL/inc -I. -I./drivers/inc -pipe -D__hal__ -DALT_NO_INSTRUCTION_EMULATION -DALT_SINGLE_THREADED    -O0 -g -Wall  -mno-hw-div -mno-hw-mul -mno-hw-mulx -mgpopt=global   -o obj/HAL/src/alt_do_ctors.o HAL/src/alt_do_ctors.c
Compiling alt_do_dtors.c...
nios2-elf-gcc -xc -MP -MMD -c  -I./HAL/inc -I. -I./drivers/inc -pipe -D__hal__ -DALT_NO_INSTRUCTION_EMULATION -DALT_SINGLE_THREADED    -O0 -g -Wall  -mno-hw-div -mno-hw-mul -mno-hw-mulx -mgpopt=global   -o obj/HAL/src/alt_do_dtors.o HAL/src/alt_do_dtors.c
Compiling alt_ecc_fatal_entry.S...
nios2-elf-gcc -MP -MMD -c   -O0 -g -Wall  -mno-hw-div -mno-hw-mul -mno-hw-mulx -mgpopt=global    -I./HAL/inc -I. -I./drivers/inc -pipe -D__hal__ -DALT_NO_INSTRUCTION_EMULATION -DALT_SINGLE_THREADED  -Wa,-gdwarf2  -o obj/HAL/src/alt_ecc_fatal_entry.o HAL/src/alt_ecc_fatal_entry.S
Compiling alt_ecc_fatal_exception.c...
nios2-elf-gcc -xc -MP -MMD -c  -I./HAL/inc -I. -I./drivers/inc -pipe -D__hal__ -DALT_NO_INSTRUCTION_EMULATION -DALT_SINGLE_THREADED    -O0 -g -Wall  -mno-hw-div -mno-hw-mul -mno-hw-mulx -mgpopt=global   -o obj/HAL/src/alt_ecc_fatal_exception.o HAL/src/alt_ecc_fatal_exception.c
Compiling alt_env_lock.c...
nios2-elf-gcc -xc -MP -MMD -c  -I./HAL/inc -I. -I./drivers/inc -pipe -D__hal__ -DALT_NO_INSTRUCTION_EMULATION -DALT_SINGLE_THREADED    -O0 -g -Wall  -mno-hw-div -mno-hw-mul -mno-hw-mulx -mgpopt=global   -o obj/HAL/src/alt_env_lock.o HAL/src/alt_env_lock.c
Compiling alt_environ.c...
nios2-elf-gcc -xc -MP -MMD -c  -I./HAL/inc -I. -I./drivers/inc -pipe -D__hal__ -DALT_NO_INSTRUCTION_EMULATION -DALT_SINGLE_THREADED    -O0 -g -Wall  -mno-hw-div -mno-hw-mul -mno-hw-mulx -mgpopt=global   -o obj/HAL/src/alt_environ.o HAL/src/alt_environ.c
Compiling alt_errno.c...
nios2-elf-gcc -xc -MP -MMD -c  -I./HAL/inc -I. -I./drivers/inc -pipe -D__hal__ -DALT_NO_INSTRUCTION_EMULATION -DALT_SINGLE_THREADED    -O0 -g -Wall  -mno-hw-div -mno-hw-mul -mno-hw-mulx -mgpopt=global   -o obj/HAL/src/alt_errno.o HAL/src/alt_errno.c
Compiling alt_exception_entry.S...
nios2-elf-gcc -MP -MMD -c   -O0 -g -Wall  -mno-hw-div -mno-hw-mul -mno-hw-mulx -mgpopt=global    -I./HAL/inc -I. -I./drivers/inc -pipe -D__hal__ -DALT_NO_INSTRUCTION_EMULATION -DALT_SINGLE_THREADED  -Wa,-gdwarf2  -o obj/HAL/src/alt_exception_entry.o HAL/src/alt_exception_entry.S
Compiling alt_exception_muldiv.S...
nios2-elf-gcc -MP -MMD -c   -O0 -g -Wall  -mno-hw-div -mno-hw-mul -mno-hw-mulx -mgpopt=global    -I./HAL/inc -I. -I./drivers/inc -pipe -D__hal__ -DALT_NO_INSTRUCTION_EMULATION -DALT_SINGLE_THREADED  -Wa,-gdwarf2  -o obj/HAL/src/alt_exception_muldiv.o HAL/src/alt_exception_muldiv.S
Compiling alt_exception_trap.S...
nios2-elf-gcc -MP -MMD -c   -O0 -g -Wall  -mno-hw-div -mno-hw-mul -mno-hw-mulx -mgpopt=global    -I./HAL/inc -I. -I./drivers/inc -pipe -D__hal__ -DALT_NO_INSTRUCTION_EMULATION -DALT_SINGLE_THREADED  -Wa,-gdwarf2  -o obj/HAL/src/alt_exception_trap.o HAL/src/alt_exception_trap.S
Compiling alt_execve.c...
nios2-elf-gcc -xc -MP -MMD -c  -I./HAL/inc -I. -I./drivers/inc -pipe -D__hal__ -DALT_NO_INSTRUCTION_EMULATION -DALT_SINGLE_THREADED    -O0 -g -Wall  -mno-hw-div -mno-hw-mul -mno-hw-mulx -mgpopt=global   -o obj/HAL/src/alt_execve.o HAL/src/alt_execve.c
Compiling alt_exit.c...
nios2-elf-gcc -xc -MP -MMD -c  -I./HAL/inc -I. -I./drivers/inc -pipe -D__hal__ -DALT_NO_INSTRUCTION_EMULATION -DALT_SINGLE_THREADED    -O0 -g -Wall  -mno-hw-div -mno-hw-mul -mno-hw-mulx -mgpopt=global   -o obj/HAL/src/alt_exit.o HAL/src/alt_exit.c
Compiling alt_fcntl.c...
nios2-elf-gcc -xc -MP -MMD -c  -I./HAL/inc -I. -I./drivers/inc -pipe -D__hal__ -DALT_NO_INSTRUCTION_EMULATION -DALT_SINGLE_THREADED    -O0 -g -Wall  -mno-hw-div -mno-hw-mul -mno-hw-mulx -mgpopt=global   -o obj/HAL/src/alt_fcntl.o HAL/src/alt_fcntl.c
Compiling alt_fd_lock.c...
nios2-elf-gcc -xc -MP -MMD -c  -I./HAL/inc -I. -I./drivers/inc -pipe -D__hal__ -DALT_NO_INSTRUCTION_EMULATION -DALT_SINGLE_THREADED    -O0 -g -Wall  -mno-hw-div -mno-hw-mul -mno-hw-mulx -mgpopt=global   -o obj/HAL/src/alt_fd_lock.o HAL/src/alt_fd_lock.c
Compiling alt_fd_unlock.c...
nios2-elf-gcc -xc -MP -MMD -c  -I./HAL/inc -I. -I./drivers/inc -pipe -D__hal__ -DALT_NO_INSTRUCTION_EMULATION -DALT_SINGLE_THREADED    -O0 -g -Wall  -mno-hw-div -mno-hw-mul -mno-hw-mulx -mgpopt=global   -o obj/HAL/src/alt_fd_unlock.o HAL/src/alt_fd_unlock.c
Compiling alt_find_dev.c...
nios2-elf-gcc -xc -MP -MMD -c  -I./HAL/inc -I. -I./drivers/inc -pipe -D__hal__ -DALT_NO_INSTRUCTION_EMULATION -DALT_SINGLE_THREADED    -O0 -g -Wall  -mno-hw-div -mno-hw-mul -mno-hw-mulx -mgpopt=global   -o obj/HAL/src/alt_find_dev.o HAL/src/alt_find_dev.c
Compiling alt_find_file.c...
nios2-elf-gcc -xc -MP -MMD -c  -I./HAL/inc -I. -I./drivers/inc -pipe -D__hal__ -DALT_NO_INSTRUCTION_EMULATION -DALT_SINGLE_THREADED    -O0 -g -Wall  -mno-hw-div -mno-hw-mul -mno-hw-mulx -mgpopt=global   -o obj/HAL/src/alt_find_file.o HAL/src/alt_find_file.c
Compiling alt_flash_dev.c...
nios2-elf-gcc -xc -MP -MMD -c  -I./HAL/inc -I. -I./drivers/inc -pipe -D__hal__ -DALT_NO_INSTRUCTION_EMULATION -DALT_SINGLE_THREADED    -O0 -g -Wall  -mno-hw-div -mno-hw-mul -mno-hw-mulx -mgpopt=global   -o obj/HAL/src/alt_flash_dev.o HAL/src/alt_flash_dev.c
Compiling alt_fork.c...
nios2-elf-gcc -xc -MP -MMD -c  -I./HAL/inc -I. -I./drivers/inc -pipe -D__hal__ -DALT_NO_INSTRUCTION_EMULATION -DALT_SINGLE_THREADED    -O0 -g -Wall  -mno-hw-div -mno-hw-mul -mno-hw-mulx -mgpopt=global   -o obj/HAL/src/alt_fork.o HAL/src/alt_fork.c
Compiling alt_fs_reg.c...
nios2-elf-gcc -xc -MP -MMD -c  -I./HAL/inc -I. -I./drivers/inc -pipe -D__hal__ -DALT_NO_INSTRUCTION_EMULATION -DALT_SINGLE_THREADED    -O0 -g -Wall  -mno-hw-div -mno-hw-mul -mno-hw-mulx -mgpopt=global   -o obj/HAL/src/alt_fs_reg.o HAL/src/alt_fs_reg.c
Compiling alt_fstat.c...
nios2-elf-gcc -xc -MP -MMD -c  -I./HAL/inc -I. -I./drivers/inc -pipe -D__hal__ -DALT_NO_INSTRUCTION_EMULATION -DALT_SINGLE_THREADED    -O0 -g -Wall  -mno-hw-div -mno-hw-mul -mno-hw-mulx -mgpopt=global   -o obj/HAL/src/alt_fstat.o HAL/src/alt_fstat.c
Compiling alt_get_fd.c...
nios2-elf-gcc -xc -MP -MMD -c  -I./HAL/inc -I. -I./drivers/inc -pipe -D__hal__ -DALT_NO_INSTRUCTION_EMULATION -DALT_SINGLE_THREADED    -O0 -g -Wall  -mno-hw-div -mno-hw-mul -mno-hw-mulx -mgpopt=global   -o obj/HAL/src/alt_get_fd.o HAL/src/alt_get_fd.c
Compiling alt_getchar.c...
nios2-elf-gcc -xc -MP -MMD -c  -I./HAL/inc -I. -I./drivers/inc -pipe -D__hal__ -DALT_NO_INSTRUCTION_EMULATION -DALT_SINGLE_THREADED    -O0 -g -Wall  -mno-hw-div -mno-hw-mul -mno-hw-mulx -mgpopt=global   -o obj/HAL/src/alt_getchar.o HAL/src/alt_getchar.c
Compiling alt_getpid.c...
nios2-elf-gcc -xc -MP -MMD -c  -I./HAL/inc -I. -I./drivers/inc -pipe -D__hal__ -DALT_NO_INSTRUCTION_EMULATION -DALT_SINGLE_THREADED    -O0 -g -Wall  -mno-hw-div -mno-hw-mul -mno-hw-mulx -mgpopt=global   -o obj/HAL/src/alt_getpid.o HAL/src/alt_getpid.c
Compiling alt_gettod.c...
nios2-elf-gcc -xc -MP -MMD -c  -I./HAL/inc -I. -I./drivers/inc -pipe -D__hal__ -DALT_NO_INSTRUCTION_EMULATION -DALT_SINGLE_THREADED    -O0 -g -Wall  -mno-hw-div -mno-hw-mul -mno-hw-mulx -mgpopt=global   -o obj/HAL/src/alt_gettod.o HAL/src/alt_gettod.c
Compiling alt_gmon.c...
nios2-elf-gcc -xc -MP -MMD -c  -I./HAL/inc -I. -I./drivers/inc -pipe -D__hal__ -DALT_NO_INSTRUCTION_EMULATION -DALT_SINGLE_THREADED    -O0 -g -Wall  -mno-hw-div -mno-hw-mul -mno-hw-mulx -mgpopt=global   -o obj/HAL/src/alt_gmon.o HAL/src/alt_gmon.c
Compiling alt_icache_flush.c...
nios2-elf-gcc -xc -MP -MMD -c  -I./HAL/inc -I. -I./drivers/inc -pipe -D__hal__ -DALT_NO_INSTRUCTION_EMULATION -DALT_SINGLE_THREADED    -O0 -g -Wall  -mno-hw-div -mno-hw-mul -mno-hw-mulx -mgpopt=global   -o obj/HAL/src/alt_icache_flush.o HAL/src/alt_icache_flush.c
Compiling alt_icache_flush_all.c...
nios2-elf-gcc -xc -MP -MMD -c  -I./HAL/inc -I. -I./drivers/inc -pipe -D__hal__ -DALT_NO_INSTRUCTION_EMULATION -DALT_SINGLE_THREADED    -O0 -g -Wall  -mno-hw-div -mno-hw-mul -mno-hw-mulx -mgpopt=global   -o obj/HAL/src/alt_icache_flush_all.o HAL/src/alt_icache_flush_all.c
Compiling alt_iic.c...
nios2-elf-gcc -xc -MP -MMD -c  -I./HAL/inc -I. -I./drivers/inc -pipe -D__hal__ -DALT_NO_INSTRUCTION_EMULATION -DALT_SINGLE_THREADED    -O0 -g -Wall  -mno-hw-div -mno-hw-mul -mno-hw-mulx -mgpopt=global   -o obj/HAL/src/alt_iic.o HAL/src/alt_iic.c
Compiling alt_iic_isr_register.c...
nios2-elf-gcc -xc -MP -MMD -c  -I./HAL/inc -I. -I./drivers/inc -pipe -D__hal__ -DALT_NO_INSTRUCTION_EMULATION -DALT_SINGLE_THREADED    -O0 -g -Wall  -mno-hw-div -mno-hw-mul -mno-hw-mulx -mgpopt=global   -o obj/HAL/src/alt_iic_isr_register.o HAL/src/alt_iic_isr_register.c
Compiling alt_instruction_exception_entry.c...
nios2-elf-gcc -xc -MP -MMD -c  -I./HAL/inc -I. -I./drivers/inc -pipe -D__hal__ -DALT_NO_INSTRUCTION_EMULATION -DALT_SINGLE_THREADED    -O0 -g -Wall  -mno-hw-div -mno-hw-mul -mno-hw-mulx -mgpopt=global   -o obj/HAL/src/alt_instruction_exception_entry.o HAL/src/alt_instruction_exception_entry.c
Compiling alt_instruction_exception_register.c...
nios2-elf-gcc -xc -MP -MMD -c  -I./HAL/inc -I. -I./drivers/inc -pipe -D__hal__ -DALT_NO_INSTRUCTION_EMULATION -DALT_SINGLE_THREADED    -O0 -g -Wall  -mno-hw-div -mno-hw-mul -mno-hw-mulx -mgpopt=global   -o obj/HAL/src/alt_instruction_exception_register.o HAL/src/alt_instruction_exception_register.c
Compiling alt_io_redirect.c...
nios2-elf-gcc -xc -MP -MMD -c  -I./HAL/inc -I. -I./drivers/inc -pipe -D__hal__ -DALT_NO_INSTRUCTION_EMULATION -DALT_SINGLE_THREADED    -O0 -g -Wall  -mno-hw-div -mno-hw-mul -mno-hw-mulx -mgpopt=global   -o obj/HAL/src/alt_io_redirect.o HAL/src/alt_io_redirect.c
Compiling alt_ioctl.c...
nios2-elf-gcc -xc -MP -MMD -c  -I./HAL/inc -I. -I./drivers/inc -pipe -D__hal__ -DALT_NO_INSTRUCTION_EMULATION -DALT_SINGLE_THREADED    -O0 -g -Wall  -mno-hw-div -mno-hw-mul -mno-hw-mulx -mgpopt=global   -o obj/HAL/src/alt_ioctl.o HAL/src/alt_ioctl.c
Compiling alt_irq_entry.S...
nios2-elf-gcc -MP -MMD -c   -O0 -g -Wall  -mno-hw-div -mno-hw-mul -mno-hw-mulx -mgpopt=global    -I./HAL/inc -I. -I./drivers/inc -pipe -D__hal__ -DALT_NO_INSTRUCTION_EMULATION -DALT_SINGLE_THREADED  -Wa,-gdwarf2  -o obj/HAL/src/alt_irq_entry.o HAL/src/alt_irq_entry.S
Compiling alt_irq_handler.c...
nios2-elf-gcc -xc -MP -MMD -c  -I./HAL/inc -I. -I./drivers/inc -pipe -D__hal__ -DALT_NO_INSTRUCTION_EMULATION -DALT_SINGLE_THREADED    -O0 -g -Wall  -mno-hw-div -mno-hw-mul -mno-hw-mulx -mgpopt=global   -o obj/HAL/src/alt_irq_handler.o HAL/src/alt_irq_handler.c
Compiling alt_irq_register.c...
nios2-elf-gcc -xc -MP -MMD -c  -I./HAL/inc -I. -I./drivers/inc -pipe -D__hal__ -DALT_NO_INSTRUCTION_EMULATION -DALT_SINGLE_THREADED    -O0 -g -Wall  -mno-hw-div -mno-hw-mul -mno-hw-mulx -mgpopt=global   -o obj/HAL/src/alt_irq_register.o HAL/src/alt_irq_register.c
Compiling alt_irq_vars.c...
nios2-elf-gcc -xc -MP -MMD -c  -I./HAL/inc -I. -I./drivers/inc -pipe -D__hal__ -DALT_NO_INSTRUCTION_EMULATION -DALT_SINGLE_THREADED    -O0 -g -Wall  -mno-hw-div -mno-hw-mul -mno-hw-mulx -mgpopt=global   -o obj/HAL/src/alt_irq_vars.o HAL/src/alt_irq_vars.c
Compiling alt_isatty.c...
nios2-elf-gcc -xc -MP -MMD -c  -I./HAL/inc -I. -I./drivers/inc -pipe -D__hal__ -DALT_NO_INSTRUCTION_EMULATION -DALT_SINGLE_THREADED    -O0 -g -Wall  -mno-hw-div -mno-hw-mul -mno-hw-mulx -mgpopt=global   -o obj/HAL/src/alt_isatty.o HAL/src/alt_isatty.c
Compiling alt_kill.c...
nios2-elf-gcc -xc -MP -MMD -c  -I./HAL/inc -I. -I./drivers/inc -pipe -D__hal__ -DALT_NO_INSTRUCTION_EMULATION -DALT_SINGLE_THREADED    -O0 -g -Wall  -mno-hw-div -mno-hw-mul -mno-hw-mulx -mgpopt=global   -o obj/HAL/src/alt_kill.o HAL/src/alt_kill.c
Compiling alt_link.c...
nios2-elf-gcc -xc -MP -MMD -c  -I./HAL/inc -I. -I./drivers/inc -pipe -D__hal__ -DALT_NO_INSTRUCTION_EMULATION -DALT_SINGLE_THREADED    -O0 -g -Wall  -mno-hw-div -mno-hw-mul -mno-hw-mulx -mgpopt=global   -o obj/HAL/src/alt_link.o HAL/src/alt_link.c
Compiling alt_load.c...
nios2-elf-gcc -xc -MP -MMD -c  -I./HAL/inc -I. -I./drivers/inc -pipe -D__hal__ -DALT_NO_INSTRUCTION_EMULATION -DALT_SINGLE_THREADED    -O0 -g -Wall  -mno-hw-div -mno-hw-mul -mno-hw-mulx -mgpopt=global   -o obj/HAL/src/alt_load.o HAL/src/alt_load.c
Compiling alt_log_macro.S...
nios2-elf-gcc -MP -MMD -c   -O0 -g -Wall  -mno-hw-div -mno-hw-mul -mno-hw-mulx -mgpopt=global    -I./HAL/inc -I. -I./drivers/inc -pipe -D__hal__ -DALT_NO_INSTRUCTION_EMULATION -DALT_SINGLE_THREADED  -Wa,-gdwarf2  -o obj/HAL/src/alt_log_macro.o HAL/src/alt_log_macro.S
Compiling alt_log_printf.c...
nios2-elf-gcc -xc -MP -MMD -c  -I./HAL/inc -I. -I./drivers/inc -pipe -D__hal__ -DALT_NO_INSTRUCTION_EMULATION -DALT_SINGLE_THREADED    -O0 -g -Wall  -mno-hw-div -mno-hw-mul -mno-hw-mulx -mgpopt=global   -o obj/HAL/src/alt_log_printf.o HAL/src/alt_log_printf.c
Compiling alt_lseek.c...
nios2-elf-gcc -xc -MP -MMD -c  -I./HAL/inc -I. -I./drivers/inc -pipe -D__hal__ -DALT_NO_INSTRUCTION_EMULATION -DALT_SINGLE_THREADED    -O0 -g -Wall  -mno-hw-div -mno-hw-mul -mno-hw-mulx -mgpopt=global   -o obj/HAL/src/alt_lseek.o HAL/src/alt_lseek.c
Compiling alt_main.c...
nios2-elf-gcc -xc -MP -MMD -c  -I./HAL/inc -I. -I./drivers/inc -pipe -D__hal__ -DALT_NO_INSTRUCTION_EMULATION -DALT_SINGLE_THREADED    -O0 -g -Wall  -mno-hw-div -mno-hw-mul -mno-hw-mulx -mgpopt=global   -o obj/HAL/src/alt_main.o HAL/src/alt_main.c
Compiling alt_malloc_lock.c...
nios2-elf-gcc -xc -MP -MMD -c  -I./HAL/inc -I. -I./drivers/inc -pipe -D__hal__ -DALT_NO_INSTRUCTION_EMULATION -DALT_SINGLE_THREADED    -O0 -g -Wall  -mno-hw-div -mno-hw-mul -mno-hw-mulx -mgpopt=global   -o obj/HAL/src/alt_malloc_lock.o HAL/src/alt_malloc_lock.c
Compiling alt_mcount.S...
nios2-elf-gcc -MP -MMD -c   -O0 -g -Wall  -mno-hw-div -mno-hw-mul -mno-hw-mulx -mgpopt=global    -I./HAL/inc -I. -I./drivers/inc -pipe -D__hal__ -DALT_NO_INSTRUCTION_EMULATION -DALT_SINGLE_THREADED  -Wa,-gdwarf2  -o obj/HAL/src/alt_mcount.o HAL/src/alt_mcount.S
Compiling alt_open.c...
nios2-elf-gcc -xc -MP -MMD -c  -I./HAL/inc -I. -I./drivers/inc -pipe -D__hal__ -DALT_NO_INSTRUCTION_EMULATION -DALT_SINGLE_THREADED    -O0 -g -Wall  -mno-hw-div -mno-hw-mul -mno-hw-mulx -mgpopt=global   -o obj/HAL/src/alt_open.o HAL/src/alt_open.c
Compiling alt_printf.c...
nios2-elf-gcc -xc -MP -MMD -c  -I./HAL/inc -I. -I./drivers/inc -pipe -D__hal__ -DALT_NO_INSTRUCTION_EMULATION -DALT_SINGLE_THREADED    -O0 -g -Wall  -mno-hw-div -mno-hw-mul -mno-hw-mulx -mgpopt=global   -o obj/HAL/src/alt_printf.o HAL/src/alt_printf.c
Compiling alt_putchar.c...
nios2-elf-gcc -xc -MP -MMD -c  -I./HAL/inc -I. -I./drivers/inc -pipe -D__hal__ -DALT_NO_INSTRUCTION_EMULATION -DALT_SINGLE_THREADED    -O0 -g -Wall  -mno-hw-div -mno-hw-mul -mno-hw-mulx -mgpopt=global   -o obj/HAL/src/alt_putchar.o HAL/src/alt_putchar.c
Compiling alt_putcharbuf.c...
nios2-elf-gcc -xc -MP -MMD -c  -I./HAL/inc -I. -I./drivers/inc -pipe -D__hal__ -DALT_NO_INSTRUCTION_EMULATION -DALT_SINGLE_THREADED    -O0 -g -Wall  -mno-hw-div -mno-hw-mul -mno-hw-mulx -mgpopt=global   -o obj/HAL/src/alt_putcharbuf.o HAL/src/alt_putcharbuf.c
Compiling alt_putstr.c...
nios2-elf-gcc -xc -MP -MMD -c  -I./HAL/inc -I. -I./drivers/inc -pipe -D__hal__ -DALT_NO_INSTRUCTION_EMULATION -DALT_SINGLE_THREADED    -O0 -g -Wall  -mno-hw-div -mno-hw-mul -mno-hw-mulx -mgpopt=global   -o obj/HAL/src/alt_putstr.o HAL/src/alt_putstr.c
Compiling alt_read.c...
nios2-elf-gcc -xc -MP -MMD -c  -I./HAL/inc -I. -I./drivers/inc -pipe -D__hal__ -DALT_NO_INSTRUCTION_EMULATION -DALT_SINGLE_THREADED    -O0 -g -Wall  -mno-hw-div -mno-hw-mul -mno-hw-mulx -mgpopt=global   -o obj/HAL/src/alt_read.o HAL/src/alt_read.c
Compiling alt_release_fd.c...
nios2-elf-gcc -xc -MP -MMD -c  -I./HAL/inc -I. -I./drivers/inc -pipe -D__hal__ -DALT_NO_INSTRUCTION_EMULATION -DALT_SINGLE_THREADED    -O0 -g -Wall  -mno-hw-div -mno-hw-mul -mno-hw-mulx -mgpopt=global   -o obj/HAL/src/alt_release_fd.o HAL/src/alt_release_fd.c
Compiling alt_remap_cached.c...
nios2-elf-gcc -xc -MP -MMD -c  -I./HAL/inc -I. -I./drivers/inc -pipe -D__hal__ -DALT_NO_INSTRUCTION_EMULATION -DALT_SINGLE_THREADED    -O0 -g -Wall  -mno-hw-div -mno-hw-mul -mno-hw-mulx -mgpopt=global   -o obj/HAL/src/alt_remap_cached.o HAL/src/alt_remap_cached.c
Compiling alt_remap_uncached.c...
nios2-elf-gcc -xc -MP -MMD -c  -I./HAL/inc -I. -I./drivers/inc -pipe -D__hal__ -DALT_NO_INSTRUCTION_EMULATION -DALT_SINGLE_THREADED    -O0 -g -Wall  -mno-hw-div -mno-hw-mul -mno-hw-mulx -mgpopt=global   -o obj/HAL/src/alt_remap_uncached.o HAL/src/alt_remap_uncached.c
Compiling alt_rename.c...
nios2-elf-gcc -xc -MP -MMD -c  -I./HAL/inc -I. -I./drivers/inc -pipe -D__hal__ -DALT_NO_INSTRUCTION_EMULATION -DALT_SINGLE_THREADED    -O0 -g -Wall  -mno-hw-div -mno-hw-mul -mno-hw-mulx -mgpopt=global   -o obj/HAL/src/alt_rename.o HAL/src/alt_rename.c
Compiling alt_sbrk.c...
nios2-elf-gcc -xc -MP -MMD -c  -I./HAL/inc -I. -I./drivers/inc -pipe -D__hal__ -DALT_NO_INSTRUCTION_EMULATION -DALT_SINGLE_THREADED    -O0 -g -Wall  -mno-hw-div -mno-hw-mul -mno-hw-mulx -mgpopt=global   -o obj/HAL/src/alt_sbrk.o HAL/src/alt_sbrk.c
Compiling alt_settod.c...
nios2-elf-gcc -xc -MP -MMD -c  -I./HAL/inc -I. -I./drivers/inc -pipe -D__hal__ -DALT_NO_INSTRUCTION_EMULATION -DALT_SINGLE_THREADED    -O0 -g -Wall  -mno-hw-div -mno-hw-mul -mno-hw-mulx -mgpopt=global   -o obj/HAL/src/alt_settod.o HAL/src/alt_settod.c
Compiling alt_software_exception.S...
nios2-elf-gcc -MP -MMD -c   -O0 -g -Wall  -mno-hw-div -mno-hw-mul -mno-hw-mulx -mgpopt=global    -I./HAL/inc -I. -I./drivers/inc -pipe -D__hal__ -DALT_NO_INSTRUCTION_EMULATION -DALT_SINGLE_THREADED  -Wa,-gdwarf2  -o obj/HAL/src/alt_software_exception.o HAL/src/alt_software_exception.S
Compiling alt_stat.c...
nios2-elf-gcc -xc -MP -MMD -c  -I./HAL/inc -I. -I./drivers/inc -pipe -D__hal__ -DALT_NO_INSTRUCTION_EMULATION -DALT_SINGLE_THREADED    -O0 -g -Wall  -mno-hw-div -mno-hw-mul -mno-hw-mulx -mgpopt=global   -o obj/HAL/src/alt_stat.o HAL/src/alt_stat.c
Compiling alt_tick.c...
nios2-elf-gcc -xc -MP -MMD -c  -I./HAL/inc -I. -I./drivers/inc -pipe -D__hal__ -DALT_NO_INSTRUCTION_EMULATION -DALT_SINGLE_THREADED    -O0 -g -Wall  -mno-hw-div -mno-hw-mul -mno-hw-mulx -mgpopt=global   -o obj/HAL/src/alt_tick.o HAL/src/alt_tick.c
Compiling alt_times.c...
nios2-elf-gcc -xc -MP -MMD -c  -I./HAL/inc -I. -I./drivers/inc -pipe -D__hal__ -DALT_NO_INSTRUCTION_EMULATION -DALT_SINGLE_THREADED    -O0 -g -Wall  -mno-hw-div -mno-hw-mul -mno-hw-mulx -mgpopt=global   -o obj/HAL/src/alt_times.o HAL/src/alt_times.c
Compiling alt_uncached_free.c...
nios2-elf-gcc -xc -MP -MMD -c  -I./HAL/inc -I. -I./drivers/inc -pipe -D__hal__ -DALT_NO_INSTRUCTION_EMULATION -DALT_SINGLE_THREADED    -O0 -g -Wall  -mno-hw-div -mno-hw-mul -mno-hw-mulx -mgpopt=global   -o obj/HAL/src/alt_uncached_free.o HAL/src/alt_uncached_free.c
Compiling alt_uncached_malloc.c...
nios2-elf-gcc -xc -MP -MMD -c  -I./HAL/inc -I. -I./drivers/inc -pipe -D__hal__ -DALT_NO_INSTRUCTION_EMULATION -DALT_SINGLE_THREADED    -O0 -g -Wall  -mno-hw-div -mno-hw-mul -mno-hw-mulx -mgpopt=global   -o obj/HAL/src/alt_uncached_malloc.o HAL/src/alt_uncached_malloc.c
Compiling alt_unlink.c...
nios2-elf-gcc -xc -MP -MMD -c  -I./HAL/inc -I. -I./drivers/inc -pipe -D__hal__ -DALT_NO_INSTRUCTION_EMULATION -DALT_SINGLE_THREADED    -O0 -g -Wall  -mno-hw-div -mno-hw-mul -mno-hw-mulx -mgpopt=global   -o obj/HAL/src/alt_unlink.o HAL/src/alt_unlink.c
Compiling alt_usleep.c...
nios2-elf-gcc -xc -MP -MMD -c  -I./HAL/inc -I. -I./drivers/inc -pipe -D__hal__ -DALT_NO_INSTRUCTION_EMULATION -DALT_SINGLE_THREADED    -O0 -g -Wall  -mno-hw-div -mno-hw-mul -mno-hw-mulx -mgpopt=global   -o obj/HAL/src/alt_usleep.o HAL/src/alt_usleep.c
Compiling alt_wait.c...
nios2-elf-gcc -xc -MP -MMD -c  -I./HAL/inc -I. -I./drivers/inc -pipe -D__hal__ -DALT_NO_INSTRUCTION_EMULATION -DALT_SINGLE_THREADED    -O0 -g -Wall  -mno-hw-div -mno-hw-mul -mno-hw-mulx -mgpopt=global   -o obj/HAL/src/alt_wait.o HAL/src/alt_wait.c
Compiling alt_write.c...
nios2-elf-gcc -xc -MP -MMD -c  -I./HAL/inc -I. -I./drivers/inc -pipe -D__hal__ -DALT_NO_INSTRUCTION_EMULATION -DALT_SINGLE_THREADED    -O0 -g -Wall  -mno-hw-div -mno-hw-mul -mno-hw-mulx -mgpopt=global   -o obj/HAL/src/alt_write.o HAL/src/alt_write.c
Compiling altera_nios2_gen2_irq.c...
nios2-elf-gcc -xc -MP -MMD -c  -I./HAL/inc -I. -I./drivers/inc -pipe -D__hal__ -DALT_NO_INSTRUCTION_EMULATION -DALT_SINGLE_THREADED    -O0 -g -Wall  -mno-hw-div -mno-hw-mul -mno-hw-mulx -mgpopt=global   -o obj/HAL/src/altera_nios2_gen2_irq.o HAL/src/altera_nios2_gen2_irq.c
Compiling crt0.S...
nios2-elf-gcc -MP -MMD -c   -O0 -g -Wall  -mno-hw-div -mno-hw-mul -mno-hw-mulx -mgpopt=global    -I./HAL/inc -I. -I./drivers/inc -pipe -D__hal__ -DALT_NO_INSTRUCTION_EMULATION -DALT_SINGLE_THREADED  -Wa,-gdwarf2  -o obj/HAL/src/crt0.o HAL/src/crt0.S
Compiling alt_sys_init.c...
nios2-elf-gcc -xc -MP -MMD -c  -I./HAL/inc -I. -I./drivers/inc -pipe -D__hal__ -DALT_NO_INSTRUCTION_EMULATION -DALT_SINGLE_THREADED    -O0 -g -Wall  -mno-hw-div -mno-hw-mul -mno-hw-mulx -mgpopt=global   -o obj/alt_sys_init.o alt_sys_init.c
Compiling altera_avalon_jtag_uart_fd.c...
nios2-elf-gcc -xc -MP -MMD -c  -I./HAL/inc -I. -I./drivers/inc -pipe -D__hal__ -DALT_NO_INSTRUCTION_EMULATION -DALT_SINGLE_THREADED    -O0 -g -Wall  -mno-hw-div -mno-hw-mul -mno-hw-mulx -mgpopt=global   -o obj/drivers/src/altera_avalon_jtag_uart_fd.o drivers/src/altera_avalon_jtag_uart_fd.c
Compiling altera_avalon_jtag_uart_init.c...
nios2-elf-gcc -xc -MP -MMD -c  -I./HAL/inc -I. -I./drivers/inc -pipe -D__hal__ -DALT_NO_INSTRUCTION_EMULATION -DALT_SINGLE_THREADED    -O0 -g -Wall  -mno-hw-div -mno-hw-mul -mno-hw-mulx -mgpopt=global   -o obj/drivers/src/altera_avalon_jtag_uart_init.o drivers/src/altera_avalon_jtag_uart_init.c
Compiling altera_avalon_jtag_uart_ioctl.c...
nios2-elf-gcc -xc -MP -MMD -c  -I./HAL/inc -I. -I./drivers/inc -pipe -D__hal__ -DALT_NO_INSTRUCTION_EMULATION -DALT_SINGLE_THREADED    -O0 -g -Wall  -mno-hw-div -mno-hw-mul -mno-hw-mulx -mgpopt=global   -o obj/drivers/src/altera_avalon_jtag_uart_ioctl.o drivers/src/altera_avalon_jtag_uart_ioctl.c
Compiling altera_avalon_jtag_uart_read.c...
nios2-elf-gcc -xc -MP -MMD -c  -I./HAL/inc -I. -I./drivers/inc -pipe -D__hal__ -DALT_NO_INSTRUCTION_EMULATION -DALT_SINGLE_THREADED    -O0 -g -Wall  -mno-hw-div -mno-hw-mul -mno-hw-mulx -mgpopt=global   -o obj/drivers/src/altera_avalon_jtag_uart_read.o drivers/src/altera_avalon_jtag_uart_read.c
Compiling altera_avalon_jtag_uart_write.c...
nios2-elf-gcc -xc -MP -MMD -c  -I./HAL/inc -I. -I./drivers/inc -pipe -D__hal__ -DALT_NO_INSTRUCTION_EMULATION -DALT_SINGLE_THREADED    -O0 -g -Wall  -mno-hw-div -mno-hw-mul -mno-hw-mulx -mgpopt=global   -o obj/drivers/src/altera_avalon_jtag_uart_write.o drivers/src/altera_avalon_jtag_uart_write.c
Compiling altera_avalon_sysid_qsys.c...
nios2-elf-gcc -xc -MP -MMD -c  -I./HAL/inc -I. -I./drivers/inc -pipe -D__hal__ -DALT_NO_INSTRUCTION_EMULATION -DALT_SINGLE_THREADED    -O0 -g -Wall  -mno-hw-div -mno-hw-mul -mno-hw-mulx -mgpopt=global   -o obj/drivers/src/altera_avalon_sysid_qsys.o drivers/src/altera_avalon_sysid_qsys.c
Creating libhal_bsp.a...
rm -f -f libhal_bsp.a
nios2-elf-ar -src libhal_bsp.a obj/HAL/src/alt_alarm_start.o obj/HAL/src/alt_busy_sleep.o obj/HAL/src/alt_close.o obj/HAL/src/alt_dcache_flush.o obj/HAL/src/alt_dcache_flush_all.o obj/HAL/src/alt_dcache_flush_no_writeback.o obj/HAL/src/alt_dev.o obj/HAL/src/alt_dev_llist_insert.o obj/HAL/src/alt_dma_rxchan_open.o obj/HAL/src/alt_dma_txchan_open.o obj/HAL/src/alt_do_ctors.o obj/HAL/src/alt_do_dtors.o obj/HAL/src/alt_ecc_fatal_entry.o obj/HAL/src/alt_ecc_fatal_exception.o obj/HAL/src/alt_env_lock.o obj/HAL/src/alt_environ.o obj/HAL/src/alt_errno.o obj/HAL/src/alt_exception_entry.o obj/HAL/src/alt_exception_muldiv.o obj/HAL/src/alt_exception_trap.o obj/HAL/src/alt_execve.o obj/HAL/src/alt_exit.o obj/HAL/src/alt_fcntl.o obj/HAL/src/alt_fd_lock.o obj/HAL/src/alt_fd_unlock.o obj/HAL/src/alt_find_dev.o obj/HAL/src/alt_find_file.o obj/HAL/src/alt_flash_dev.o obj/HAL/src/alt_fork.o obj/HAL/src/alt_fs_reg.o obj/HAL/src/alt_fstat.o obj/HAL/src/alt_get_fd.o obj/HAL/src/alt_getchar.o obj/HAL/src/alt_getpid.o obj/HAL/src/alt_gettod.o obj/HAL/src/alt_gmon.o obj/HAL/src/alt_icache_flush.o obj/HAL/src/alt_icache_flush_all.o obj/HAL/src/alt_iic.o obj/HAL/src/alt_iic_isr_register.o obj/HAL/src/alt_instruction_exception_entry.o obj/HAL/src/alt_instruction_exception_register.o obj/HAL/src/alt_io_redirect.o obj/HAL/src/alt_ioctl.o obj/HAL/src/alt_irq_entry.o obj/HAL/src/alt_irq_handler.o obj/HAL/src/alt_irq_register.o obj/HAL/src/alt_irq_vars.o obj/HAL/src/alt_isatty.o obj/HAL/src/alt_kill.o obj/HAL/src/alt_link.o obj/HAL/src/alt_load.o obj/HAL/src/alt_log_macro.o obj/HAL/src/alt_log_printf.o obj/HAL/src/alt_lseek.o obj/HAL/src/alt_main.o obj/HAL/src/alt_malloc_lock.o obj/HAL/src/alt_mcount.o obj/HAL/src/alt_open.o obj/HAL/src/alt_printf.o obj/HAL/src/alt_putchar.o obj/HAL/src/alt_putcharbuf.o obj/HAL/src/alt_putstr.o obj/HAL/src/alt_read.o obj/HAL/src/alt_release_fd.o obj/HAL/src/alt_remap_cached.o obj/HAL/src/alt_remap_uncached.o obj/HAL/src/alt_rename.o obj/HAL/src/alt_sbrk.o obj/HAL/src/alt_settod.o obj/HAL/src/alt_software_exception.o obj/HAL/src/alt_stat.o obj/HAL/src/alt_tick.o obj/HAL/src/alt_times.o obj/HAL/src/alt_uncached_free.o obj/HAL/src/alt_uncached_malloc.o obj/HAL/src/alt_unlink.o obj/HAL/src/alt_usleep.o obj/HAL/src/alt_wait.o obj/HAL/src/alt_write.o obj/HAL/src/altera_nios2_gen2_irq.o obj/HAL/src/crt0.o obj/alt_sys_init.o obj/drivers/src/altera_avalon_jtag_uart_fd.o obj/drivers/src/altera_avalon_jtag_uart_init.o obj/drivers/src/altera_avalon_jtag_uart_ioctl.o obj/drivers/src/altera_avalon_jtag_uart_read.o obj/drivers/src/altera_avalon_jtag_uart_write.o obj/drivers/src/altera_avalon_sysid_qsys.o
[BSP build complete]
Info: Compiling main.c to obj/default/main.o
nios2-elf-gcc -xc -MP -MMD -c -I../lab9_bsp//HAL/inc -I../lab9_bsp/ -I../lab9_bsp//drivers/inc  -pipe -D__hal__ -DALT_NO_INSTRUCTION_EMULATION -DALT_SINGLE_THREADED    -O0 -g -Wall   -mno-hw-div -mno-hw-mul -mno-hw-mulx -mgpopt=global  -o obj/default/main.o main.c
main.c: In function 'encrypt':
main.c:100:21: warning: passing argument 2 of 'AddRoundKey' makes pointer from integer without a cast [-Wint-conversion]
  AddRoundKey(state, w[0]);
                     ^
main.c:18:6: note: expected 'unsigned int *' but argument is of type 'unsigned int'
 void AddRoundKey(unsigned char * state, unsigned int * RoundKey);
      ^
main.c:102:12: warning: passing argument 1 of 'SubBytes' from incompatible pointer type [-Wincompatible-pointer-types]
   SubBytes(state);
            ^
main.c:21:6: note: expected 'unsigned int *' but argument is of type 'unsigned char *'
 void SubBytes(uint *in);
      ^
main.c:103:13: warning: passing argument 1 of 'ShiftRows' from incompatible pointer type [-Wincompatible-pointer-types]
   ShiftRows(state);
             ^
main.c:19:6: note: expected 'unsigned int *' but argument is of type 'unsigned char *'
 void ShiftRows(uint *in);
      ^
main.c:105:22: warning: passing argument 2 of 'AddRoundKey' makes pointer from integer without a cast [-Wint-conversion]
   AddRoundKey(state, w[round*Nb]);
                      ^
main.c:18:6: note: expected 'unsigned int *' but argument is of type 'unsigned int'
 void AddRoundKey(unsigned char * state, unsigned int * RoundKey);
      ^
main.c:107:11: warning: passing argument 1 of 'SubBytes' from incompatible pointer type [-Wincompatible-pointer-types]
  SubBytes(state);
           ^
main.c:21:6: note: expected 'unsigned int *' but argument is of type 'unsigned char *'
 void SubBytes(uint *in);
      ^
main.c:108:12: warning: passing argument 1 of 'ShiftRows' from incompatible pointer type [-Wincompatible-pointer-types]
  ShiftRows(state);
            ^
main.c:19:6: note: expected 'unsigned int *' but argument is of type 'unsigned char *'
 void ShiftRows(uint *in);
      ^
main.c:109:2: warning: implicit declaration of function 'AddRoundKeys' [-Wimplicit-function-declaration]
  AddRoundKeys(state, w[Nr*Nb]);
  ^
main.c:111:3: error: 'out' undeclared (first use in this function)
   out[i] = state[i];
   ^
main.c:111:3: note: each undeclared identifier is reported only once for each function it appears in
main.c: In function 'KeyExpansion':
main.c:210:23: warning: suggest parentheses around '+' inside '<<' [-Wparentheses]
   w[i] = key[4*i]<<24 + key[4*i+1]<<16 + key[4*i+2]<<8 + key[4*i+3];
                       ^
main.c:210:40: warning: suggest parentheses around '+' inside '<<' [-Wparentheses]
   w[i] = key[4*i]<<24 + key[4*i+1]<<16 + key[4*i+2]<<8 + key[4*i+3];
                                        ^
main.c:210:56: warning: suggest parentheses around '+' inside '<<' [-Wparentheses]
   w[i] = key[4*i]<<24 + key[4*i+1]<<16 + key[4*i+2]<<8 + key[4*i+3];
                                                        ^
main.c:217:19: warning: passing argument 1 of 'SubWord' makes pointer from integer without a cast [-Wint-conversion]
    temp = SubWord(RotWord(temp)) ^ Rcon[i/Nk];
                   ^
main.c:20:6: note: expected 'unsigned int *' but argument is of type 'unsigned int'
 void SubWord(uint *in);
      ^
main.c:217:11: error: void value not ignored as it ought to be
    temp = SubWord(RotWord(temp)) ^ Rcon[i/Nk];
           ^
main.c: In function 'SubWord':
main.c:296:37: error: 'row' undeclared (first use in this function)
         original[byte] = (mask & in[row]) >> (8 * byte);
                                     ^
main.c:306:8: warning: assignment makes pointer from integer without a cast [-Wint-conversion]
     in = subbed[0] | (subbed[1] << 8) | (subbed[2] << 16) | (subbed[3] << 24);
        ^
main.c: In function 'MixColumns':
main.c:29:25: warning: implicit declaration of function 'xtime' [-Wimplicit-function-declaration]
 #define THREE_TIMES(in) xtime(in) ^ in
                         ^
main.c:334:49: note: in expansion of macro 'THREE_TIMES'
         mixed_column[0] = xtimes(original[0]) ^ THREE_TIMES(original[1]) ^ original[2] ^ original[3];
                                                 ^
make: *** [obj/default/main.o] Error 1
20:56:31 **** Build of configuration Nios II for project lab9_bsp ****
make all 
[BSP build complete]
20:58:26 **** Incremental Build of configuration Nios II for project lab9 ****
make all 
Info: Building ../lab9_bsp/
D:/intelFPGA_lite/18.0/nios2eds/bin/gnu/H-x86_64-mingw32/bin/make --no-print-directory -C ../lab9_bsp/
[BSP build complete]
Info: Compiling main.c to obj/default/main.o
nios2-elf-gcc -xc -MP -MMD -c -I../lab9_bsp//HAL/inc -I../lab9_bsp/ -I../lab9_bsp//drivers/inc  -pipe -D__hal__ -DALT_NO_INSTRUCTION_EMULATION -DALT_SINGLE_THREADED    -O0 -g -Wall   -mno-hw-div -mno-hw-mul -mno-hw-mulx -mgpopt=global  -o obj/default/main.o main.c
main.c: In function 'encrypt':
main.c:101:21: warning: passing argument 2 of 'AddRoundKey' makes pointer from integer without a cast [-Wint-conversion]
  AddRoundKey(state, w[0]);
                     ^
main.c:18:6: note: expected 'unsigned int *' but argument is of type 'unsigned int'
 void AddRoundKey(unsigned char * state, unsigned int * RoundKey);
      ^
main.c:103:12: warning: passing argument 1 of 'SubBytes' from incompatible pointer type [-Wincompatible-pointer-types]
   SubBytes(state);
            ^
main.c:21:6: note: expected 'unsigned int *' but argument is of type 'unsigned char *'
 void SubBytes(uint *in);
      ^
main.c:104:13: warning: passing argument 1 of 'ShiftRows' from incompatible pointer type [-Wincompatible-pointer-types]
   ShiftRows(state);
             ^
main.c:19:6: note: expected 'unsigned int *' but argument is of type 'unsigned char *'
 void ShiftRows(uint *in);
      ^
main.c:106:22: warning: passing argument 2 of 'AddRoundKey' makes pointer from integer without a cast [-Wint-conversion]
   AddRoundKey(state, w[round*Nb]);
                      ^
main.c:18:6: note: expected 'unsigned int *' but argument is of type 'unsigned int'
 void AddRoundKey(unsigned char * state, unsigned int * RoundKey);
      ^
main.c:108:11: warning: passing argument 1 of 'SubBytes' from incompatible pointer type [-Wincompatible-pointer-types]
  SubBytes(state);
           ^
main.c:21:6: note: expected 'unsigned int *' but argument is of type 'unsigned char *'
 void SubBytes(uint *in);
      ^
main.c:109:12: warning: passing argument 1 of 'ShiftRows' from incompatible pointer type [-Wincompatible-pointer-types]
  ShiftRows(state);
            ^
main.c:19:6: note: expected 'unsigned int *' but argument is of type 'unsigned char *'
 void ShiftRows(uint *in);
      ^
main.c:110:2: warning: implicit declaration of function 'AddRoundKeys' [-Wimplicit-function-declaration]
  AddRoundKeys(state, w[Nr*Nb]);
  ^
main.c:115:29: warning: suggest parentheses around '+' inside '<<' [-Wparentheses]
   msg_enc[i] = out[4*i]<<24 + out[4*i+1]<<16 + out[4*i+2]<<8 + out[4*i+3];
                             ^
main.c:115:46: warning: suggest parentheses around '+' inside '<<' [-Wparentheses]
   msg_enc[i] = out[4*i]<<24 + out[4*i+1]<<16 + out[4*i+2]<<8 + out[4*i+3];
                                              ^
main.c:115:62: warning: suggest parentheses around '+' inside '<<' [-Wparentheses]
   msg_enc[i] = out[4*i]<<24 + out[4*i+1]<<16 + out[4*i+2]<<8 + out[4*i+3];
                                                              ^
main.c: In function 'KeyExpansion':
main.c:211:23: warning: suggest parentheses around '+' inside '<<' [-Wparentheses]
   w[i] = key[4*i]<<24 + key[4*i+1]<<16 + key[4*i+2]<<8 + key[4*i+3];
                       ^
main.c:211:40: warning: suggest parentheses around '+' inside '<<' [-Wparentheses]
   w[i] = key[4*i]<<24 + key[4*i+1]<<16 + key[4*i+2]<<8 + key[4*i+3];
                                        ^
main.c:211:56: warning: suggest parentheses around '+' inside '<<' [-Wparentheses]
   w[i] = key[4*i]<<24 + key[4*i+1]<<16 + key[4*i+2]<<8 + key[4*i+3];
                                                        ^
main.c:218:19: warning: passing argument 1 of 'SubWord' makes pointer from integer without a cast [-Wint-conversion]
    temp = SubWord(RotWord(temp)) ^ Rcon[i/Nk];
                   ^
main.c:20:6: note: expected 'unsigned int *' but argument is of type 'unsigned int'
 void SubWord(uint *in);
      ^
main.c:218:11: error: void value not ignored as it ought to be
    temp = SubWord(RotWord(temp)) ^ Rcon[i/Nk];
           ^
main.c: In function 'SubWord':
main.c:297:37: error: 'row' undeclared (first use in this function)
         original[byte] = (mask & in[row]) >> (8 * byte);
                                     ^
main.c:297:37: note: each undeclared identifier is reported only once for each function it appears in
main.c:307:8: warning: assignment makes pointer from integer without a cast [-Wint-conversion]
     in = subbed[0] | (subbed[1] << 8) | (subbed[2] << 16) | (subbed[3] << 24);
        ^
main.c: In function 'MixColumns':
main.c:29:25: warning: implicit declaration of function 'xtime' [-Wimplicit-function-declaration]
 #define THREE_TIMES(in) xtime(in) ^ in
                         ^
main.c:335:49: note: in expansion of macro 'THREE_TIMES'
         mixed_column[0] = xtimes(original[0]) ^ THREE_TIMES(original[1]) ^ original[2] ^ original[3];
                                                 ^
make: *** [obj/default/main.o] Error 1
20:58:31 **** Incremental Build of configuration Nios II for project lab9_bsp ****
make all 
[BSP build complete]
21:00:58 **** Incremental Build of configuration Nios II for project lab9 ****
make all 
Info: Building ../lab9_bsp/
D:/intelFPGA_lite/18.0/nios2eds/bin/gnu/H-x86_64-mingw32/bin/make --no-print-directory -C ../lab9_bsp/
[BSP build complete]
Info: Compiling main.c to obj/default/main.o
nios2-elf-gcc -xc -MP -MMD -c -I../lab9_bsp//HAL/inc -I../lab9_bsp/ -I../lab9_bsp//drivers/inc  -pipe -D__hal__ -DALT_NO_INSTRUCTION_EMULATION -DALT_SINGLE_THREADED    -O0 -g -Wall   -mno-hw-div -mno-hw-mul -mno-hw-mulx -mgpopt=global  -o obj/default/main.o main.c
main.c: In function 'encrypt':
main.c:101:21: warning: passing argument 2 of 'AddRoundKey' makes pointer from integer without a cast [-Wint-conversion]
  AddRoundKey(state, w[0]);
                     ^
main.c:18:6: note: expected 'unsigned int *' but argument is of type 'unsigned int'
 void AddRoundKey(unsigned char * state, unsigned int * RoundKey);
      ^
main.c:103:12: warning: passing argument 1 of 'SubBytes' from incompatible pointer type [-Wincompatible-pointer-types]
   SubBytes(state);
            ^
main.c:21:6: note: expected 'unsigned int *' but argument is of type 'unsigned char *'
 void SubBytes(uint *in);
      ^
main.c:104:13: warning: passing argument 1 of 'ShiftRows' from incompatible pointer type [-Wincompatible-pointer-types]
   ShiftRows(state);
             ^
main.c:19:6: note: expected 'unsigned int *' but argument is of type 'unsigned char *'
 void ShiftRows(uint *in);
      ^
main.c:106:22: warning: passing argument 2 of 'AddRoundKey' makes pointer from integer without a cast [-Wint-conversion]
   AddRoundKey(state, w[round*Nb]);
                      ^
main.c:18:6: note: expected 'unsigned int *' but argument is of type 'unsigned int'
 void AddRoundKey(unsigned char * state, unsigned int * RoundKey);
      ^
main.c:108:11: warning: passing argument 1 of 'SubBytes' from incompatible pointer type [-Wincompatible-pointer-types]
  SubBytes(state);
           ^
main.c:21:6: note: expected 'unsigned int *' but argument is of type 'unsigned char *'
 void SubBytes(uint *in);
      ^
main.c:109:12: warning: passing argument 1 of 'ShiftRows' from incompatible pointer type [-Wincompatible-pointer-types]
  ShiftRows(state);
            ^
main.c:19:6: note: expected 'unsigned int *' but argument is of type 'unsigned char *'
 void ShiftRows(uint *in);
      ^
main.c:110:2: warning: implicit declaration of function 'AddRoundKeys' [-Wimplicit-function-declaration]
  AddRoundKeys(state, w[Nr*Nb]);
  ^
main.c:115:29: warning: suggest parentheses around '+' inside '<<' [-Wparentheses]
   msg_enc[i] = out[4*i]<<24 + out[4*i+1]<<16 + out[4*i+2]<<8 + out[4*i+3];
                             ^
main.c:115:46: warning: suggest parentheses around '+' inside '<<' [-Wparentheses]
   msg_enc[i] = out[4*i]<<24 + out[4*i+1]<<16 + out[4*i+2]<<8 + out[4*i+3];
                                              ^
main.c:115:62: warning: suggest parentheses around '+' inside '<<' [-Wparentheses]
   msg_enc[i] = out[4*i]<<24 + out[4*i+1]<<16 + out[4*i+2]<<8 + out[4*i+3];
                                                              ^
main.c: In function 'KeyExpansion':
main.c:211:23: warning: suggest parentheses around '+' inside '<<' [-Wparentheses]
   w[i] = key[4*i]<<24 + key[4*i+1]<<16 + key[4*i+2]<<8 + key[4*i+3];
                       ^
main.c:211:40: warning: suggest parentheses around '+' inside '<<' [-Wparentheses]
   w[i] = key[4*i]<<24 + key[4*i+1]<<16 + key[4*i+2]<<8 + key[4*i+3];
                                        ^
main.c:211:56: warning: suggest parentheses around '+' inside '<<' [-Wparentheses]
   w[i] = key[4*i]<<24 + key[4*i+1]<<16 + key[4*i+2]<<8 + key[4*i+3];
                                                        ^
main.c: In function 'MixColumns':
main.c:29:25: warning: implicit declaration of function 'xtime' [-Wimplicit-function-declaration]
 #define THREE_TIMES(in) xtime(in) ^ in
                         ^
main.c:337:49: note: in expansion of macro 'THREE_TIMES'
         mixed_column[0] = xtimes(original[0]) ^ THREE_TIMES(original[1]) ^ original[2] ^ original[3];
                                                 ^
Info: Linking lab9.elf
nios2-elf-g++  -T'../lab9_bsp//linker.x' -msys-crt0='../lab9_bsp//obj/HAL/src/crt0.o' -msys-lib=hal_bsp -L../lab9_bsp/   -Wl,-Map=lab9.map   -O0 -g -Wall   -mno-hw-div -mno-hw-mul -mno-hw-mulx -mgpopt=global  -o lab9.elf obj/default/main.o -lm -msys-lib=m
obj/default/main.o: In function `encrypt':
C:\Users\wsy\ece385\lab9\software\lab9/main.c:110: undefined reference to `AddRoundKeys'
C:\Users\wsy\ece385\lab9\software\lab9/main.c:110:(.text+0x400): relocation truncated to fit: R_NIOS2_CALL26 against `AddRoundKeys'
obj/default/main.o: In function `MixColumns':
C:\Users\wsy\ece385\lab9\software\lab9/main.c:337: undefined reference to `xtime'
C:\Users\wsy\ece385\lab9\software\lab9/main.c:337:(.text+0x12e4): relocation truncated to fit: R_NIOS2_CALL26 against `xtime'
C:\Users\wsy\ece385\lab9\software\lab9/main.c:338: undefined reference to `xtime'
C:\Users\wsy\ece385\lab9\software\lab9/main.c:338:(.text+0x1334): relocation truncated to fit: R_NIOS2_CALL26 against `xtime'
C:\Users\wsy\ece385\lab9\software\lab9/main.c:339: undefined reference to `xtime'
C:\Users\wsy\ece385\lab9\software\lab9/main.c:339:(.text+0x1384): relocation truncated to fit: R_NIOS2_CALL26 against `xtime'
C:\Users\wsy\ece385\lab9\software\lab9/main.c:340: undefined reference to `xtime'
C:\Users\wsy\ece385\lab9\software\lab9/main.c:340:(.text+0x13d4): relocation truncated to fit: R_NIOS2_CALL26 against `xtime'
collect2.exe: error: ld returned 1 exit status
make: *** [lab9.elf] Error 1
21:01:04 **** Incremental Build of configuration Nios II for project lab9_bsp ****
make all 
[BSP build complete]
21:02:05 **** Incremental Build of configuration Nios II for project lab9 ****
make all 
Info: Building ../lab9_bsp/
D:/intelFPGA_lite/18.0/nios2eds/bin/gnu/H-x86_64-mingw32/bin/make --no-print-directory -C ../lab9_bsp/
[BSP build complete]
Info: Compiling main.c to obj/default/main.o
nios2-elf-gcc -xc -MP -MMD -c -I../lab9_bsp//HAL/inc -I../lab9_bsp/ -I../lab9_bsp//drivers/inc  -pipe -D__hal__ -DALT_NO_INSTRUCTION_EMULATION -DALT_SINGLE_THREADED    -O0 -g -Wall   -mno-hw-div -mno-hw-mul -mno-hw-mulx -mgpopt=global  -o obj/default/main.o main.c
main.c: In function 'encrypt':
main.c:101:21: warning: passing argument 2 of 'AddRoundKey' makes pointer from integer without a cast [-Wint-conversion]
  AddRoundKey(state, w[0]);
                     ^
main.c:18:6: note: expected 'unsigned int *' but argument is of type 'unsigned int'
 void AddRoundKey(unsigned char * state, unsigned int * RoundKey);
      ^
main.c:103:12: warning: passing argument 1 of 'SubBytes' from incompatible pointer type [-Wincompatible-pointer-types]
   SubBytes(state);
            ^
main.c:21:6: note: expected 'unsigned int *' but argument is of type 'unsigned char *'
 void SubBytes(uint *in);
      ^
main.c:104:13: warning: passing argument 1 of 'ShiftRows' from incompatible pointer type [-Wincompatible-pointer-types]
   ShiftRows(state);
             ^
main.c:19:6: note: expected 'unsigned int *' but argument is of type 'unsigned char *'
 void ShiftRows(uint *in);
      ^
main.c:106:22: warning: passing argument 2 of 'AddRoundKey' makes pointer from integer without a cast [-Wint-conversion]
   AddRoundKey(state, w[round*Nb]);
                      ^
main.c:18:6: note: expected 'unsigned int *' but argument is of type 'unsigned int'
 void AddRoundKey(unsigned char * state, unsigned int * RoundKey);
      ^
main.c:108:11: warning: passing argument 1 of 'SubBytes' from incompatible pointer type [-Wincompatible-pointer-types]
  SubBytes(state);
           ^
main.c:21:6: note: expected 'unsigned int *' but argument is of type 'unsigned char *'
 void SubBytes(uint *in);
      ^
main.c:109:12: warning: passing argument 1 of 'ShiftRows' from incompatible pointer type [-Wincompatible-pointer-types]
  ShiftRows(state);
            ^
main.c:19:6: note: expected 'unsigned int *' but argument is of type 'unsigned char *'
 void ShiftRows(uint *in);
      ^
main.c:110:21: warning: passing argument 2 of 'AddRoundKey' makes pointer from integer without a cast [-Wint-conversion]
  AddRoundKey(state, w[Nr*Nb]);
                     ^
main.c:18:6: note: expected 'unsigned int *' but argument is of type 'unsigned int'
 void AddRoundKey(unsigned char * state, unsigned int * RoundKey);
      ^
main.c:115:29: warning: suggest parentheses around '+' inside '<<' [-Wparentheses]
   msg_enc[i] = out[4*i]<<24 + out[4*i+1]<<16 + out[4*i+2]<<8 + out[4*i+3];
                             ^
main.c:115:46: warning: suggest parentheses around '+' inside '<<' [-Wparentheses]
   msg_enc[i] = out[4*i]<<24 + out[4*i+1]<<16 + out[4*i+2]<<8 + out[4*i+3];
                                              ^
main.c:115:62: warning: suggest parentheses around '+' inside '<<' [-Wparentheses]
   msg_enc[i] = out[4*i]<<24 + out[4*i+1]<<16 + out[4*i+2]<<8 + out[4*i+3];
                                                              ^
main.c: In function 'KeyExpansion':
main.c:211:23: warning: suggest parentheses around '+' inside '<<' [-Wparentheses]
   w[i] = key[4*i]<<24 + key[4*i+1]<<16 + key[4*i+2]<<8 + key[4*i+3];
                       ^
main.c:211:40: warning: suggest parentheses around '+' inside '<<' [-Wparentheses]
   w[i] = key[4*i]<<24 + key[4*i+1]<<16 + key[4*i+2]<<8 + key[4*i+3];
                                        ^
main.c:211:56: warning: suggest parentheses around '+' inside '<<' [-Wparentheses]
   w[i] = key[4*i]<<24 + key[4*i+1]<<16 + key[4*i+2]<<8 + key[4*i+3];
                                                        ^
main.c: In function 'MixColumns':
main.c:29:25: warning: implicit declaration of function 'xtime' [-Wimplicit-function-declaration]
 #define THREE_TIMES(in) xtime(in) ^ in
                         ^
main.c:337:49: note: in expansion of macro 'THREE_TIMES'
         mixed_column[0] = xtimes(original[0]) ^ THREE_TIMES(original[1]) ^ original[2] ^ original[3];
                                                 ^
Info: Linking lab9.elf
nios2-elf-g++  -T'../lab9_bsp//linker.x' -msys-crt0='../lab9_bsp//obj/HAL/src/crt0.o' -msys-lib=hal_bsp -L../lab9_bsp/   -Wl,-Map=lab9.map   -O0 -g -Wall   -mno-hw-div -mno-hw-mul -mno-hw-mulx -mgpopt=global  -o lab9.elf obj/default/main.o -lm -msys-lib=m
obj/default/main.o: In function `MixColumns':
C:\Users\wsy\ece385\lab9\software\lab9/main.c:337: undefined reference to `xtime'
C:\Users\wsy\ece385\lab9\software\lab9/main.c:337:(.text+0x12e4): relocation truncated to fit: R_NIOS2_CALL26 against `xtime'
C:\Users\wsy\ece385\lab9\software\lab9/main.c:338: undefined reference to `xtime'
C:\Users\wsy\ece385\lab9\software\lab9/main.c:338:(.text+0x1334): relocation truncated to fit: R_NIOS2_CALL26 against `xtime'
C:\Users\wsy\ece385\lab9\software\lab9/main.c:339: undefined reference to `xtime'
C:\Users\wsy\ece385\lab9\software\lab9/main.c:339:(.text+0x1384): relocation truncated to fit: R_NIOS2_CALL26 against `xtime'
C:\Users\wsy\ece385\lab9\software\lab9/main.c:340: undefined reference to `xtime'
C:\Users\wsy\ece385\lab9\software\lab9/main.c:340:(.text+0x13d4): relocation truncated to fit: R_NIOS2_CALL26 against `xtime'
collect2.exe: error: ld returned 1 exit status
make: *** [lab9.elf] Error 1
21:02:10 **** Incremental Build of configuration Nios II for project lab9_bsp ****
make all 
[BSP build complete]
21:02:39 **** Incremental Build of configuration Nios II for project lab9 ****
make all 
Info: Building ../lab9_bsp/
D:/intelFPGA_lite/18.0/nios2eds/bin/gnu/H-x86_64-mingw32/bin/make --no-print-directory -C ../lab9_bsp/
[BSP build complete]
Info: Compiling main.c to obj/default/main.o
nios2-elf-gcc -xc -MP -MMD -c -I../lab9_bsp//HAL/inc -I../lab9_bsp/ -I../lab9_bsp//drivers/inc  -pipe -D__hal__ -DALT_NO_INSTRUCTION_EMULATION -DALT_SINGLE_THREADED    -O0 -g -Wall   -mno-hw-div -mno-hw-mul -mno-hw-mulx -mgpopt=global  -o obj/default/main.o main.c
main.c: In function 'encrypt':
main.c:101:21: warning: passing argument 2 of 'AddRoundKey' makes pointer from integer without a cast [-Wint-conversion]
  AddRoundKey(state, w[0]);
                     ^
main.c:18:6: note: expected 'unsigned int *' but argument is of type 'unsigned int'
 void AddRoundKey(unsigned char * state, unsigned int * RoundKey);
      ^
main.c:103:12: warning: passing argument 1 of 'SubBytes' from incompatible pointer type [-Wincompatible-pointer-types]
   SubBytes(state);
            ^
main.c:21:6: note: expected 'unsigned int *' but argument is of type 'unsigned char *'
 void SubBytes(uint *in);
      ^
main.c:104:13: warning: passing argument 1 of 'ShiftRows' from incompatible pointer type [-Wincompatible-pointer-types]
   ShiftRows(state);
             ^
main.c:19:6: note: expected 'unsigned int *' but argument is of type 'unsigned char *'
 void ShiftRows(uint *in);
      ^
main.c:106:22: warning: passing argument 2 of 'AddRoundKey' makes pointer from integer without a cast [-Wint-conversion]
   AddRoundKey(state, w[round*Nb]);
                      ^
main.c:18:6: note: expected 'unsigned int *' but argument is of type 'unsigned int'
 void AddRoundKey(unsigned char * state, unsigned int * RoundKey);
      ^
main.c:108:11: warning: passing argument 1 of 'SubBytes' from incompatible pointer type [-Wincompatible-pointer-types]
  SubBytes(state);
           ^
main.c:21:6: note: expected 'unsigned int *' but argument is of type 'unsigned char *'
 void SubBytes(uint *in);
      ^
main.c:109:12: warning: passing argument 1 of 'ShiftRows' from incompatible pointer type [-Wincompatible-pointer-types]
  ShiftRows(state);
            ^
main.c:19:6: note: expected 'unsigned int *' but argument is of type 'unsigned char *'
 void ShiftRows(uint *in);
      ^
main.c:110:21: warning: passing argument 2 of 'AddRoundKey' makes pointer from integer without a cast [-Wint-conversion]
  AddRoundKey(state, w[Nr*Nb]);
                     ^
main.c:18:6: note: expected 'unsigned int *' but argument is of type 'unsigned int'
 void AddRoundKey(unsigned char * state, unsigned int * RoundKey);
      ^
main.c:115:29: warning: suggest parentheses around '+' inside '<<' [-Wparentheses]
   msg_enc[i] = out[4*i]<<24 + out[4*i+1]<<16 + out[4*i+2]<<8 + out[4*i+3];
                             ^
main.c:115:46: warning: suggest parentheses around '+' inside '<<' [-Wparentheses]
   msg_enc[i] = out[4*i]<<24 + out[4*i+1]<<16 + out[4*i+2]<<8 + out[4*i+3];
                                              ^
main.c:115:62: warning: suggest parentheses around '+' inside '<<' [-Wparentheses]
   msg_enc[i] = out[4*i]<<24 + out[4*i+1]<<16 + out[4*i+2]<<8 + out[4*i+3];
                                                              ^
main.c: In function 'KeyExpansion':
main.c:211:23: warning: suggest parentheses around '+' inside '<<' [-Wparentheses]
   w[i] = key[4*i]<<24 + key[4*i+1]<<16 + key[4*i+2]<<8 + key[4*i+3];
                       ^
main.c:211:40: warning: suggest parentheses around '+' inside '<<' [-Wparentheses]
   w[i] = key[4*i]<<24 + key[4*i+1]<<16 + key[4*i+2]<<8 + key[4*i+3];
                                        ^
main.c:211:56: warning: suggest parentheses around '+' inside '<<' [-Wparentheses]
   w[i] = key[4*i]<<24 + key[4*i+1]<<16 + key[4*i+2]<<8 + key[4*i+3];
                                                        ^
Info: Linking lab9.elf
nios2-elf-g++  -T'../lab9_bsp//linker.x' -msys-crt0='../lab9_bsp//obj/HAL/src/crt0.o' -msys-lib=hal_bsp -L../lab9_bsp/   -Wl,-Map=lab9.map   -O0 -g -Wall   -mno-hw-div -mno-hw-mul -mno-hw-mulx -mgpopt=global  -o lab9.elf obj/default/main.o -lm -msys-lib=m
nios2-elf-insert lab9.elf --thread_model hal --cpu_name nios2_gen2_0 --qsys true --simulation_enabled false --id 0 --sidp 0x38 --timestamp 1553479971 --stderr_dev jtag_uart_0 --stdin_dev jtag_uart_0 --stdout_dev jtag_uart_0 --sopc_system_name lab9_soc --quartus_project_dir "C:/Users/wsy/ece385/lab9" --sopcinfo C:/Users/wsy/ece385/lab9/software/lab9_bsp/../../lab9_soc.sopcinfo
Info: (lab9.elf) 115 KBytes program size (code + initialized data).
Info:            130948 KBytes free for stack + heap.
Info: Creating lab9.objdump
nios2-elf-objdump --disassemble --syms --all-header --source lab9.elf >lab9.objdump
[lab9 build complete]
21:02:48 **** Incremental Build of configuration Nios II for project lab9_bsp ****
make all 
[BSP build complete]
