21:02:39 **** Incremental Build of configuration Nios II for project lab9 ****
make all 
Info: Building ../lab9_bsp/
D:/intelFPGA_lite/18.0/nios2eds/bin/gnu/H-x86_64-mingw32/bin/make --no-print-directory -C ../lab9_bsp/
[BSP build complete]
Info: Compiling main.c to obj/default/main.o
nios2-elf-gcc -xc -MP -MMD -c -I../lab9_bsp//HAL/inc -I../lab9_bsp/ -I../lab9_bsp//drivers/inc  -pipe -D__hal__ -DALT_NO_INSTRUCTION_EMULATION -DALT_SINGLE_THREADED    -O0 -g -Wall   -mno-hw-div -mno-hw-mul -mno-hw-mulx -mgpopt=global  -o obj/default/main.o main.c
main.c: In function 'encrypt':
main.c:101:21: warning: passing argument 2 of 'AddRoundKey' makes pointer from integer without a cast [-Wint-conversion]
  AddRoundKey(state, w[0]);
                     ^
main.c:18:6: note: expected 'unsigned int *' but argument is of type 'unsigned int'
 void AddRoundKey(unsigned char * state, unsigned int * RoundKey);
      ^
main.c:103:12: warning: passing argument 1 of 'SubBytes' from incompatible pointer type [-Wincompatible-pointer-types]
   SubBytes(state);
            ^
main.c:21:6: note: expected 'unsigned int *' but argument is of type 'unsigned char *'
 void SubBytes(uint *in);
      ^
main.c:104:13: warning: passing argument 1 of 'ShiftRows' from incompatible pointer type [-Wincompatible-pointer-types]
   ShiftRows(state);
             ^
main.c:19:6: note: expected 'unsigned int *' but argument is of type 'unsigned char *'
 void ShiftRows(uint *in);
      ^
main.c:106:22: warning: passing argument 2 of 'AddRoundKey' makes pointer from integer without a cast [-Wint-conversion]
   AddRoundKey(state, w[round*Nb]);
                      ^
main.c:18:6: note: expected 'unsigned int *' but argument is of type 'unsigned int'
 void AddRoundKey(unsigned char * state, unsigned int * RoundKey);
      ^
main.c:108:11: warning: passing argument 1 of 'SubBytes' from incompatible pointer type [-Wincompatible-pointer-types]
  SubBytes(state);
           ^
main.c:21:6: note: expected 'unsigned int *' but argument is of type 'unsigned char *'
 void SubBytes(uint *in);
      ^
main.c:109:12: warning: passing argument 1 of 'ShiftRows' from incompatible pointer type [-Wincompatible-pointer-types]
  ShiftRows(state);
            ^
main.c:19:6: note: expected 'unsigned int *' but argument is of type 'unsigned char *'
 void ShiftRows(uint *in);
      ^
main.c:110:21: warning: passing argument 2 of 'AddRoundKey' makes pointer from integer without a cast [-Wint-conversion]
  AddRoundKey(state, w[Nr*Nb]);
                     ^
main.c:18:6: note: expected 'unsigned int *' but argument is of type 'unsigned int'
 void AddRoundKey(unsigned char * state, unsigned int * RoundKey);
      ^
main.c:115:29: warning: suggest parentheses around '+' inside '<<' [-Wparentheses]
   msg_enc[i] = out[4*i]<<24 + out[4*i+1]<<16 + out[4*i+2]<<8 + out[4*i+3];
                             ^
main.c:115:46: warning: suggest parentheses around '+' inside '<<' [-Wparentheses]
   msg_enc[i] = out[4*i]<<24 + out[4*i+1]<<16 + out[4*i+2]<<8 + out[4*i+3];
                                              ^
main.c:115:62: warning: suggest parentheses around '+' inside '<<' [-Wparentheses]
   msg_enc[i] = out[4*i]<<24 + out[4*i+1]<<16 + out[4*i+2]<<8 + out[4*i+3];
                                                              ^
main.c: In function 'KeyExpansion':
main.c:211:23: warning: suggest parentheses around '+' inside '<<' [-Wparentheses]
   w[i] = key[4*i]<<24 + key[4*i+1]<<16 + key[4*i+2]<<8 + key[4*i+3];
                       ^
main.c:211:40: warning: suggest parentheses around '+' inside '<<' [-Wparentheses]
   w[i] = key[4*i]<<24 + key[4*i+1]<<16 + key[4*i+2]<<8 + key[4*i+3];
                                        ^
main.c:211:56: warning: suggest parentheses around '+' inside '<<' [-Wparentheses]
   w[i] = key[4*i]<<24 + key[4*i+1]<<16 + key[4*i+2]<<8 + key[4*i+3];
                                                        ^
Info: Linking lab9.elf
nios2-elf-g++  -T'../lab9_bsp//linker.x' -msys-crt0='../lab9_bsp//obj/HAL/src/crt0.o' -msys-lib=hal_bsp -L../lab9_bsp/   -Wl,-Map=lab9.map   -O0 -g -Wall   -mno-hw-div -mno-hw-mul -mno-hw-mulx -mgpopt=global  -o lab9.elf obj/default/main.o -lm -msys-lib=m
nios2-elf-insert lab9.elf --thread_model hal --cpu_name nios2_gen2_0 --qsys true --simulation_enabled false --id 0 --sidp 0x38 --timestamp 1553479971 --stderr_dev jtag_uart_0 --stdin_dev jtag_uart_0 --stdout_dev jtag_uart_0 --sopc_system_name lab9_soc --quartus_project_dir "C:/Users/wsy/ece385/lab9" --sopcinfo C:/Users/wsy/ece385/lab9/software/lab9_bsp/../../lab9_soc.sopcinfo
Info: (lab9.elf) 115 KBytes program size (code + initialized data).
Info:            130948 KBytes free for stack + heap.
Info: Creating lab9.objdump
nios2-elf-objdump --disassemble --syms --all-header --source lab9.elf >lab9.objdump
[lab9 build complete]

21:02:48 Build Finished (took 9s.734ms)

